2022-12-24 12:28:14 0 [Note] InnoDB: Mutexes and rw_locks use Windows interlocked functions
2022-12-24 12:28:14 0 [Note] InnoDB: Uses event mutexes
2022-12-24 12:28:14 0 [Note] InnoDB: Compressed tables use zlib 1.2.12
2022-12-24 12:28:14 0 [Note] InnoDB: Number of pools: 1
2022-12-24 12:28:14 0 [Note] InnoDB: Using SSE2 crc32 instructions
2022-12-24 12:28:14 0 [Note] InnoDB: Initializing buffer pool, total size = 16M, instances = 1, chunk size = 16M
2022-12-24 12:28:14 0 [Note] InnoDB: Completed initialization of buffer pool
2022-12-24 12:28:14 0 [Note] InnoDB: Starting crash recovery from checkpoint LSN=300288
2022-12-24 12:28:14 0 [Note] InnoDB: 128 out of 128 rollback segments are active.
2022-12-24 12:28:14 0 [Note] InnoDB: Removed temporary tablespace data file: "ibtmp1"
2022-12-24 12:28:14 0 [Note] InnoDB: Creating shared tablespace for temporary tables
2022-12-24 12:28:14 0 [Note] InnoDB: Setting file 'E:\xampp\mysql\data\ibtmp1' size to 12 MB. Physically writing the file full; Please wait ...
2022-12-24 12:28:14 0 [Note] InnoDB: File 'E:\xampp\mysql\data\ibtmp1' size is now 12 MB.
2022-12-24 12:28:14 0 [Note] InnoDB: Waiting for purge to start
2022-12-24 12:28:14 0 [Note] InnoDB: 10.4.27 started; log sequence number 300297; transaction id 170
2022-12-24 12:28:14 0 [Note] Plugin 'FEEDBACK' is disabled.
2022-12-24 12:28:14 0 [Note] InnoDB: Loading buffer pool(s) from E:\xampp\mysql\data\ib_buffer_pool
2022-12-24 12:28:14 0 [Note] Server socket created on IP: '::'.
2022-12-24 17:58:01 0 [Note] InnoDB: Mutexes and rw_locks use Windows interlocked functions
2022-12-24 17:58:01 0 [Note] InnoDB: Uses event mutexes
2022-12-24 17:58:01 0 [Note] InnoDB: Compressed tables use zlib 1.2.12
2022-12-24 17:58:01 0 [Note] InnoDB: Number of pools: 1
2022-12-24 17:58:01 0 [Note] InnoDB: Using SSE2 crc32 instructions
2022-12-24 17:58:01 0 [Note] InnoDB: Initializing buffer pool, total size = 16M, instances = 1, chunk size = 16M
2022-12-24 17:58:01 0 [Note] InnoDB: Completed initialization of buffer pool
2022-12-24 17:58:01 0 [Note] InnoDB: Starting crash recovery from checkpoint LSN=335048
2022-12-24 17:58:01 0 [Note] InnoDB: 128 out of 128 rollback segments are active.
2022-12-24 17:58:01 0 [Note] InnoDB: Removed temporary tablespace data file: "ibtmp1"
2022-12-24 17:58:01 0 [Note] InnoDB: Creating shared tablespace for temporary tables
2022-12-24 17:58:01 0 [Note] InnoDB: Setting file 'E:\xampp\mysql\data\ibtmp1' size to 12 MB. Physically writing the file full; Please wait ...
2022-12-24 17:58:01 0 [Note] InnoDB: File 'E:\xampp\mysql\data\ibtmp1' size is now 12 MB.
2022-12-24 17:58:01 0 [Note] InnoDB: Waiting for purge to start
2022-12-24 17:58:01 0 [Note] InnoDB: 10.4.27 started; log sequence number 335057; transaction id 300
2022-12-24 17:58:01 0 [Note] Plugin 'FEEDBACK' is disabled.
2022-12-24 17:58:01 0 [Note] InnoDB: Loading buffer pool(s) from E:\xampp\mysql\data\ib_buffer_pool
2022-12-24 17:58:01 0 [Note] Server socket created on IP: '::'.
2022-12-26  1:38:16 0 [Note] InnoDB: Mutexes and rw_locks use Windows interlocked functions
2022-12-26  1:38:16 0 [Note] InnoDB: Uses event mutexes
2022-12-26  1:38:16 0 [Note] InnoDB: Compressed tables use zlib 1.2.12
2022-12-26  1:38:16 0 [Note] InnoDB: Number of pools: 1
2022-12-26  1:38:16 0 [Note] InnoDB: Using SSE2 crc32 instructions
2022-12-26  1:38:16 0 [Note] InnoDB: Initializing buffer pool, total size = 16M, instances = 1, chunk size = 16M
2022-12-26  1:38:16 0 [Note] InnoDB: Completed initialization of buffer pool
2022-12-26  1:38:16 0 [Note] InnoDB: Starting crash recovery from checkpoint LSN=779878
2022-12-26  1:38:16 0 [Note] InnoDB: 128 out of 128 rollback segments are active.
2022-12-26  1:38:16 0 [Note] InnoDB: Removed temporary tablespace data file: "ibtmp1"
2022-12-26  1:38:16 0 [Note] InnoDB: Creating shared tablespace for temporary tables
2022-12-26  1:38:16 0 [Note] InnoDB: Setting file 'E:\xampp\mysql\data\ibtmp1' size to 12 MB. Physically writing the file full; Please wait ...
2022-12-26  1:38:16 0 [Note] InnoDB: File 'E:\xampp\mysql\data\ibtmp1' size is now 12 MB.
2022-12-26  1:38:16 0 [Note] InnoDB: Waiting for purge to start
2022-12-26  1:38:16 0 [Note] InnoDB: 10.4.27 started; log sequence number 779887; transaction id 2266
2022-12-26  1:38:16 0 [Note] InnoDB: Loading buffer pool(s) from E:\xampp\mysql\data\ib_buffer_pool
2022-12-26  1:38:16 0 [Note] Plugin 'FEEDBACK' is disabled.
2022-12-26  1:38:16 0 [Note] Server socket created on IP: '::'.
2022-12-30 17:29:24 0 [Note] InnoDB: Mutexes and rw_locks use Windows interlocked functions
2022-12-30 17:29:24 0 [Note] InnoDB: Uses event mutexes
2022-12-30 17:29:24 0 [Note] InnoDB: Compressed tables use zlib 1.2.12
2022-12-30 17:29:24 0 [Note] InnoDB: Number of pools: 1
2022-12-30 17:29:24 0 [Note] InnoDB: Using SSE2 crc32 instructions
2022-12-30 17:29:24 0 [Note] InnoDB: Initializing buffer pool, total size = 16M, instances = 1, chunk size = 16M
2022-12-30 17:29:24 0 [Note] InnoDB: Completed initialization of buffer pool
2022-12-30 17:29:24 0 [Note] InnoDB: Starting crash recovery from checkpoint LSN=780310
2022-12-30 17:29:24 0 [Note] InnoDB: 128 out of 128 rollback segments are active.
2022-12-30 17:29:24 0 [Note] InnoDB: Removed temporary tablespace data file: "ibtmp1"
2022-12-30 17:29:24 0 [Note] InnoDB: Creating shared tablespace for temporary tables
2022-12-30 17:29:24 0 [Note] InnoDB: Setting file 'E:\xampp\mysql\data\ibtmp1' size to 12 MB. Physically writing the file full; Please wait ...
2022-12-30 17:29:24 0 [Note] InnoDB: File 'E:\xampp\mysql\data\ibtmp1' size is now 12 MB.
2022-12-30 17:29:24 0 [Note] InnoDB: Waiting for purge to start
2022-12-30 17:29:24 0 [Note] InnoDB: 10.4.27 started; log sequence number 780319; transaction id 2290
2022-12-30 17:29:24 0 [Note] InnoDB: Loading buffer pool(s) from E:\xampp\mysql\data\ib_buffer_pool
2022-12-30 17:29:24 0 [Note] Plugin 'FEEDBACK' is disabled.
2022-12-30 17:29:24 0 [Note] Server socket created on IP: '::'.
2022-12-31  1:53:21 0 [Note] InnoDB: Mutexes and rw_locks use Windows interlocked functions
2022-12-31  1:53:21 0 [Note] InnoDB: Uses event mutexes
2022-12-31  1:53:21 0 [Note] InnoDB: Compressed tables use zlib 1.2.12
2022-12-31  1:53:21 0 [Note] InnoDB: Number of pools: 1
2022-12-31  1:53:21 0 [Note] InnoDB: Using SSE2 crc32 instructions
2022-12-31  1:53:21 0 [Note] InnoDB: Initializing buffer pool, total size = 16M, instances = 1, chunk size = 16M
2022-12-31  1:53:21 0 [Note] InnoDB: Completed initialization of buffer pool
2022-12-31  1:53:21 0 [Note] InnoDB: Starting crash recovery from checkpoint LSN=810080
2022-12-31  1:53:21 0 [Note] InnoDB: 128 out of 128 rollback segments are active.
2022-12-31  1:53:21 0 [Note] InnoDB: Removed temporary tablespace data file: "ibtmp1"
2022-12-31  1:53:21 0 [Note] InnoDB: Creating shared tablespace for temporary tables
2022-12-31  1:53:21 0 [Note] InnoDB: Setting file 'E:\xampp\mysql\data\ibtmp1' size to 12 MB. Physically writing the file full; Please wait ...
2022-12-31  1:53:21 0 [Note] InnoDB: File 'E:\xampp\mysql\data\ibtmp1' size is now 12 MB.
2022-12-31  1:53:21 0 [Note] InnoDB: Waiting for purge to start
2022-12-31  1:53:21 0 [Note] InnoDB: 10.4.27 started; log sequence number 810089; transaction id 2414
2022-12-31  1:53:21 0 [Note] InnoDB: Loading buffer pool(s) from E:\xampp\mysql\data\ib_buffer_pool
2022-12-31  1:53:21 0 [Note] Plugin 'FEEDBACK' is disabled.
2022-12-31  1:53:21 0 [Note] Server socket created on IP: '::'.
2022-12-31  2:45:29 0 [ERROR] InnoDB: The innodb_system data file 'ibdata1' must be writable
2022-12-31  2:45:29 0 [ERROR] InnoDB: The innodb_system data file 'ibdata1' must be writable
2022-12-31  2:45:29 0 [ERROR] Plugin 'InnoDB' init function returned error.
2022-12-31  2:45:29 0 [ERROR] Plugin 'InnoDB' registration as a STORAGE ENGINE failed.
2022-12-31  2:45:29 0 [Note] Plugin 'FEEDBACK' is disabled.
2022-12-31  2:45:29 0 [ERROR] Unknown/unsupported storage engine: InnoDB
2022-12-31  2:45:29 0 [ERROR] Aborting
2022-12-31  2:48:03 0 [ERROR] InnoDB: The innodb_system data file 'ibdata1' must be writable
2022-12-31  2:48:03 0 [ERROR] InnoDB: The innodb_system data file 'ibdata1' must be writable
2022-12-31  2:48:03 0 [ERROR] Plugin 'InnoDB' init function returned error.
2022-12-31  2:48:03 0 [ERROR] Plugin 'InnoDB' registration as a STORAGE ENGINE failed.
2022-12-31  2:48:03 0 [Note] Plugin 'FEEDBACK' is disabled.
2022-12-31  2:48:03 0 [ERROR] Unknown/unsupported storage engine: InnoDB
2022-12-31  2:48:03 0 [ERROR] Aborting
2022-12-31  2:48:49 0 [ERROR] InnoDB: The innodb_system data file 'ibdata1' must be writable
2022-12-31  2:48:49 0 [ERROR] InnoDB: The innodb_system data file 'ibdata1' must be writable
2022-12-31  2:48:49 0 [ERROR] Plugin 'InnoDB' init function returned error.
2022-12-31  2:48:49 0 [ERROR] Plugin 'InnoDB' registration as a STORAGE ENGINE failed.
2022-12-31  2:48:49 0 [Note] Plugin 'FEEDBACK' is disabled.
2022-12-31  2:48:49 0 [ERROR] Unknown/unsupported storage engine: InnoDB
2022-12-31  2:48:49 0 [ERROR] Aborting
2022-12-31  2:51:03 0 [ERROR] InnoDB: The innodb_system data file 'ibdata1' must be writable
2022-12-31  2:51:03 0 [ERROR] InnoDB: The innodb_system data file 'ibdata1' must be writable
2022-12-31  2:51:03 0 [ERROR] Plugin 'InnoDB' init function returned error.
2022-12-31  2:51:03 0 [ERROR] Plugin 'InnoDB' registration as a STORAGE ENGINE failed.
2022-12-31  2:51:03 0 [Note] Plugin 'FEEDBACK' is disabled.
2022-12-31  2:51:03 0 [ERROR] Unknown/unsupported storage engine: InnoDB
2022-12-31  2:51:03 0 [ERROR] Aborting
2022-12-31  2:51:43 0 [ERROR] InnoDB: The innodb_system data file 'ibdata1' must be writable
2022-12-31  2:51:43 0 [ERROR] InnoDB: The innodb_system data file 'ibdata1' must be writable
2022-12-31  2:51:43 0 [ERROR] Plugin 'InnoDB' init function returned error.
2022-12-31  2:51:43 0 [ERROR] Plugin 'InnoDB' registration as a STORAGE ENGINE failed.
2022-12-31  2:51:43 0 [Note] Plugin 'FEEDBACK' is disabled.
2022-12-31  2:51:43 0 [ERROR] Unknown/unsupported storage engine: InnoDB
2022-12-31  2:51:43 0 [ERROR] Aborting
2022-12-31 11:29:41 0 [Note] InnoDB: Mutexes and rw_locks use Windows interlocked functions
2022-12-31 11:29:41 0 [Note] InnoDB: Uses event mutexes
2022-12-31 11:29:41 0 [Note] InnoDB: Compressed tables use zlib 1.2.12
2022-12-31 11:29:41 0 [Note] InnoDB: Number of pools: 1
2022-12-31 11:29:41 0 [Note] InnoDB: Using SSE2 crc32 instructions
2022-12-31 11:29:41 0 [Note] InnoDB: Initializing buffer pool, total size = 16M, instances = 1, chunk size = 16M
2022-12-31 11:29:41 0 [Note] InnoDB: Completed initialization of buffer pool
2022-12-31 11:29:41 0 [Note] InnoDB: Starting crash recovery from checkpoint LSN=870130
2022-12-31 11:29:41 0 [Note] InnoDB: 128 out of 128 rollback segments are active.
2022-12-31 11:29:41 0 [Note] InnoDB: Removed temporary tablespace data file: "ibtmp1"
2022-12-31 11:29:41 0 [Note] InnoDB: Creating shared tablespace for temporary tables
2022-12-31 11:29:41 0 [Note] InnoDB: Setting file 'E:\xampp\mysql\data\ibtmp1' size to 12 MB. Physically writing the file full; Please wait ...
2022-12-31 11:29:41 0 [Note] InnoDB: File 'E:\xampp\mysql\data\ibtmp1' size is now 12 MB.
2022-12-31 11:29:41 0 [Note] InnoDB: Waiting for purge to start
2022-12-31 11:29:41 0 [Note] InnoDB: 10.4.27 started; log sequence number 870139; transaction id 2683
2022-12-31 11:29:41 0 [Note] InnoDB: Loading buffer pool(s) from E:\xampp\mysql\data\ib_buffer_pool
2022-12-31 11:29:41 0 [Note] Plugin 'FEEDBACK' is disabled.
2022-12-31 11:29:41 0 [Note] InnoDB: Buffer pool(s) load completed at 221231 11:29:41
2022-12-31 11:29:41 0 [Note] Server socket created on IP: '::'.
2023-01-01  0:18:32 0 [Note] InnoDB: Mutexes and rw_locks use Windows interlocked functions
2023-01-01  0:18:32 0 [Note] InnoDB: Uses event mutexes
2023-01-01  0:18:32 0 [Note] InnoDB: Compressed tables use zlib 1.2.12
2023-01-01  0:18:32 0 [Note] InnoDB: Number of pools: 1
2023-01-01  0:18:32 0 [Note] InnoDB: Using SSE2 crc32 instructions
2023-01-01  0:18:32 0 [Note] InnoDB: Initializing buffer pool, total size = 16M, instances = 1, chunk size = 16M
2023-01-01  0:18:32 0 [Note] InnoDB: Completed initialization of buffer pool
2023-01-01  0:18:32 0 [Note] InnoDB: Starting crash recovery from checkpoint LSN=1084721
2023-01-01  0:18:32 0 [Note] InnoDB: 128 out of 128 rollback segments are active.
2023-01-01  0:18:32 0 [Note] InnoDB: Removed temporary tablespace data file: "ibtmp1"
2023-01-01  0:18:32 0 [Note] InnoDB: Creating shared tablespace for temporary tables
2023-01-01  0:18:32 0 [Note] InnoDB: Setting file 'E:\xampp\mysql\data\ibtmp1' size to 12 MB. Physically writing the file full; Please wait ...
2023-01-01  0:18:32 0 [Note] InnoDB: File 'E:\xampp\mysql\data\ibtmp1' size is now 12 MB.
2023-01-01  0:18:32 0 [Note] InnoDB: 10.4.27 started; log sequence number 1084730; transaction id 3822
2023-01-01  0:18:32 0 [Note] InnoDB: Loading buffer pool(s) from E:\xampp\mysql\data\ib_buffer_pool
2023-01-01  0:18:32 0 [Note] Plugin 'FEEDBACK' is disabled.
2023-01-01  0:18:32 0 [Note] Server socket created on IP: '::'.
2023-01-01  0:27:59 0 [Note] InnoDB: Mutexes and rw_locks use Windows interlocked functions
2023-01-01  0:27:59 0 [Note] InnoDB: Uses event mutexes
2023-01-01  0:27:59 0 [Note] InnoDB: Compressed tables use zlib 1.2.12
2023-01-01  0:27:59 0 [Note] InnoDB: Number of pools: 1
2023-01-01  0:27:59 0 [Note] InnoDB: Using SSE2 crc32 instructions
2023-01-01  0:27:59 0 [Note] InnoDB: Initializing buffer pool, total size = 16M, instances = 1, chunk size = 16M
2023-01-01  0:27:59 0 [Note] InnoDB: Completed initialization of buffer pool
2023-01-01  0:27:59 0 [Note] InnoDB: Starting crash recovery from checkpoint LSN=1104452
2023-01-01  0:27:59 0 [Note] InnoDB: 128 out of 128 rollback segments are active.
2023-01-01  0:27:59 0 [Note] InnoDB: Removed temporary tablespace data file: "ibtmp1"
2023-01-01  0:27:59 0 [Note] InnoDB: Creating shared tablespace for temporary tables
2023-01-01  0:27:59 0 [Note] InnoDB: Setting file 'E:\xampp\mysql\data\ibtmp1' size to 12 MB. Physically writing the file full; Please wait ...
2023-01-01  0:27:59 0 [Note] InnoDB: File 'E:\xampp\mysql\data\ibtmp1' size is now 12 MB.
2023-01-01  0:27:59 0 [Note] InnoDB: Waiting for purge to start
2023-01-01  0:27:59 0 [Note] InnoDB: 10.4.27 started; log sequence number 1104461; transaction id 3955
2023-01-01  0:27:59 0 [Note] InnoDB: Loading buffer pool(s) from E:\xampp\mysql\data\ib_buffer_pool
2023-01-01  0:27:59 0 [Note] Plugin 'FEEDBACK' is disabled.
2023-01-01  0:27:59 0 [Note] Server socket created on IP: '::'.
